<?xml version="1.0" encoding="UTF-8"?>
<!-- Generated by org.testng.reporters.JUnitReportReporter -->
<testsuite skipped="0" hostname="FVFZM5TLLYWG" name="com.demotours.tests.SignInTestPF" tests="3" failures="0" timestamp="2021-01-13T00:34:43 CET" time="2.602" errors="0">
  <testcase name="clickonSignIn" time="0.916" classname="com.demotours.tests.SignInTestPF"/>
  <system-out/>
  <testcase name="enterCredentialsandsubmit" time="1.419" classname="com.demotours.tests.SignInTestPF"/>
  <system-out/>
  <testcase name="signoff" time="0.267" classname="com.demotours.tests.SignInTestPF"/>
  <system-out/>
</testsuite> <!-- com.demotours.tests.SignInTestPF -->
