<?xml version="1.0" encoding="UTF-8"?>
<!-- Generated by org.testng.reporters.JUnitReportReporter -->
<testsuite skipped="0" hostname="FVFZM5TLLYWG" name="com.demotours.tests.RegisterTestPF" tests="4" failures="0" timestamp="2021-01-13T00:34:43 CET" time="4.684" errors="0">
  <testcase name="clickregister0" time="0.725" classname="com.demotours.tests.RegisterTestPF"/>
  <system-out/>
  <testcase name="verifytitle" time="0.102" classname="com.demotours.tests.RegisterTestPF"/>
  <system-out/>
  <testcase name="enterform" time="3.481" classname="com.demotours.tests.RegisterTestPF"/>
  <system-out/>
  <testcase name="verifyusername" time="0.376" classname="com.demotours.tests.RegisterTestPF"/>
  <system-out/>
</testsuite> <!-- com.demotours.tests.RegisterTestPF -->
